  Bullet.cpp
  Chat.cpp
D:\Users\User\Documents\GitHub\303_Final_Project\303_Final\CMP105App\UI_tools.h(89,49): warning C4244: 'argument': conversion from 'double' to 'float', possible loss of data
  Animation.cpp
  AudioManager.cpp
  Collision.cpp
  Input.cpp
  MusicObject.cpp
  GameObject.cpp
  SoundObject.cpp
  Vector.cpp
  Game.cpp
D:\Users\User\Documents\GitHub\303_Final_Project\303_Final\CMP105App\Game.cpp(55,71): warning C4244: 'argument': conversion from 'T' to 'T', possible loss of data
          with
          [
              T=unsigned int
          ]
          and
          [
              T=float
          ]
D:\Users\User\Documents\GitHub\303_Final_Project\303_Final\CMP105App\Game.cpp(55,50): warning C4244: 'argument': conversion from 'T' to 'T', possible loss of data
          with
          [
              T=unsigned int
          ]
          and
          [
              T=float
          ]
D:\Users\User\Documents\GitHub\303_Final_Project\303_Final\CMP105App\Game.cpp(61,74): warning C4244: 'argument': conversion from 'int' to 'T', possible loss of data
          with
          [
              T=float
          ]
D:\Users\User\Documents\GitHub\303_Final_Project\303_Final\CMP105App\Game.cpp(61,64): warning C4244: 'argument': conversion from 'int' to 'T', possible loss of data
          with
          [
              T=float
          ]
D:\Users\User\Documents\GitHub\303_Final_Project\303_Final\CMP105App\Game.cpp(63,39): warning C4244: 'argument': conversion from 'int' to 'float', possible loss of data
D:\Users\User\Documents\GitHub\303_Final_Project\303_Final\CMP105App\Game.cpp(63,25): warning C4244: 'argument': conversion from 'int' to 'float', possible loss of data
D:\Users\User\Documents\GitHub\303_Final_Project\303_Final\CMP105App\Game.cpp(70,58): warning C4244: 'argument': conversion from 'int' to 'T', possible loss of data
          with
          [
              T=float
          ]
D:\Users\User\Documents\GitHub\303_Final_Project\303_Final\CMP105App\Game.cpp(70,93): warning C4244: 'argument': conversion from 'int' to 'T', possible loss of data
          with
          [
              T=float
          ]
D:\Users\User\Documents\GitHub\303_Final_Project\303_Final\CMP105App\Game.cpp(74,61): warning C4244: 'argument': conversion from 'int' to 'T', possible loss of data
          with
          [
              T=float
          ]
D:\Users\User\Documents\GitHub\303_Final_Project\303_Final\CMP105App\Game.cpp(74,90): warning C4244: 'argument': conversion from 'int' to 'T', possible loss of data
          with
          [
              T=float
          ]
D:\Users\User\Documents\GitHub\303_Final_Project\303_Final\CMP105App\Game.cpp(85,87): warning C4244: 'argument': conversion from 'T' to 'T', possible loss of data
          with
          [
              T=unsigned int
          ]
          and
          [
              T=float
          ]
D:\Users\User\Documents\GitHub\303_Final_Project\303_Final\CMP105App\Game.cpp(85,66): warning C4244: 'argument': conversion from 'T' to 'T', possible loss of data
          with
          [
              T=unsigned int
          ]
          and
          [
              T=float
          ]
D:\Users\User\Documents\GitHub\303_Final_Project\303_Final\CMP105App\Game.cpp(193,47): warning C4244: '=': conversion from 'T' to 'int', possible loss of data
          with
          [
              T=float
          ]
D:\Users\User\Documents\GitHub\303_Final_Project\303_Final\CMP105App\Game.cpp(194,47): warning C4244: '=': conversion from 'T' to 'int', possible loss of data
          with
          [
              T=float
          ]
D:\Users\User\Documents\GitHub\303_Final_Project\303_Final\CMP105App\Game.cpp(201,62): warning C4244: 'argument': conversion from 'int' to 'T', possible loss of data
          with
          [
              T=float
          ]
D:\Users\User\Documents\GitHub\303_Final_Project\303_Final\CMP105App\Game.cpp(201,47): warning C4244: 'argument': conversion from 'int' to 'T', possible loss of data
          with
          [
              T=float
          ]
  Level.cpp
D:\Users\User\Documents\GitHub\303_Final_Project\303_Final\CMP105App\P2P_Network.h(41,21): warning C4267: 'return': conversion from 'size_t' to 'int', possible loss of data
D:\Users\User\Documents\GitHub\303_Final_Project\303_Final\CMP105App\UI_tools.h(89,49): warning C4244: 'argument': conversion from 'double' to 'float', possible loss of data
D:\Users\User\Documents\GitHub\303_Final_Project\303_Final\CMP105App\Lobby.h(26,24): warning C4267: 'return': conversion from 'size_t' to 'int', possible loss of data
D:\Users\User\Documents\GitHub\303_Final_Project\303_Final\CMP105App\Level.cpp(235,13): warning C4101: 'int32holder': unreferenced local variable
  Lobby.cpp
D:\Users\User\Documents\GitHub\303_Final_Project\303_Final\CMP105App\UI_tools.h(89,49): warning C4244: 'argument': conversion from 'double' to 'float', possible loss of data
D:\Users\User\Documents\GitHub\303_Final_Project\303_Final\CMP105App\Lobby.h(26,24): warning C4267: 'return': conversion from 'size_t' to 'int', possible loss of data
D:\Users\User\Documents\GitHub\303_Final_Project\303_Final\CMP105App\Lobby.cpp(9,98): warning C4244: 'argument': conversion from 'T' to 'T', possible loss of data
          with
          [
              T=unsigned int
          ]
          and
          [
              T=float
          ]
D:\Users\User\Documents\GitHub\303_Final_Project\303_Final\CMP105App\Lobby.cpp(9,74): warning C4244: 'argument': conversion from 'T' to 'T', possible loss of data
          with
          [
              T=unsigned int
          ]
          and
          [
              T=float
          ]
D:\Users\User\Documents\GitHub\303_Final_Project\303_Final\CMP105App\Lobby.cpp(14,60): warning C4244: 'argument': conversion from 'T' to 'T', possible loss of data
          with
          [
              T=unsigned int
          ]
          and
          [
              T=float
          ]
D:\Users\User\Documents\GitHub\303_Final_Project\303_Final\CMP105App\Lobby.cpp(14,108): warning C4244: 'argument': conversion from 'T' to 'T', possible loss of data
          with
          [
              T=unsigned int
          ]
          and
          [
              T=float
          ]
D:\Users\User\Documents\GitHub\303_Final_Project\303_Final\CMP105App\Lobby.cpp(41,48): warning C4244: '=': conversion from 'T' to 'int', possible loss of data
          with
          [
              T=float
          ]
D:\Users\User\Documents\GitHub\303_Final_Project\303_Final\CMP105App\Lobby.cpp(42,48): warning C4244: '=': conversion from 'T' to 'int', possible loss of data
          with
          [
              T=float
          ]
D:\Users\User\Documents\GitHub\303_Final_Project\303_Final\CMP105App\Lobby.cpp(55,41): warning C4244: 'argument': conversion from 'int' to 'T', possible loss of data
          with
          [
              T=float
          ]
D:\Users\User\Documents\GitHub\303_Final_Project\303_Final\CMP105App\Lobby.cpp(55,35): warning C4244: 'argument': conversion from 'int' to 'T', possible loss of data
          with
          [
              T=float
          ]
  Main.cpp
D:\Users\User\Documents\GitHub\303_Final_Project\303_Final\CMP105App\P2P_Network.h(41,21): warning C4267: 'return': conversion from 'size_t' to 'int', possible loss of data
D:\Users\User\Documents\GitHub\303_Final_Project\303_Final\CMP105App\UI_tools.h(89,49): warning C4244: 'argument': conversion from 'double' to 'float', possible loss of data
D:\Users\User\Documents\GitHub\303_Final_Project\303_Final\CMP105App\Lobby.h(26,24): warning C4267: 'return': conversion from 'size_t' to 'int', possible loss of data
  MainMenu.cpp
D:\Users\User\Documents\GitHub\303_Final_Project\303_Final\CMP105App\UI_tools.h(89,49): warning C4244: 'argument': conversion from 'double' to 'float', possible loss of data
D:\Users\User\Documents\GitHub\303_Final_Project\303_Final\CMP105App\MainMenu.cpp(9,78): warning C4244: 'argument': conversion from 'T' to 'T', possible loss of data
          with
          [
              T=unsigned int
          ]
          and
          [
              T=float
          ]
D:\Users\User\Documents\GitHub\303_Final_Project\303_Final\CMP105App\MainMenu.cpp(9,49): warning C4244: 'argument': conversion from 'T' to 'T', possible loss of data
          with
          [
              T=unsigned int
          ]
          and
          [
              T=float
          ]
D:\Users\User\Documents\GitHub\303_Final_Project\303_Final\CMP105App\MainMenu.cpp(10,80): warning C4244: 'argument': conversion from 'T' to 'T', possible loss of data
          with
          [
              T=unsigned int
          ]
          and
          [
              T=float
          ]
D:\Users\User\Documents\GitHub\303_Final_Project\303_Final\CMP105App\MainMenu.cpp(10,51): warning C4244: 'argument': conversion from 'T' to 'T', possible loss of data
          with
          [
              T=unsigned int
          ]
          and
          [
              T=float
          ]
D:\Users\User\Documents\GitHub\303_Final_Project\303_Final\CMP105App\MainMenu.cpp(11,76): warning C4244: 'argument': conversion from 'T' to 'T', possible loss of data
          with
          [
              T=unsigned int
          ]
          and
          [
              T=float
          ]
D:\Users\User\Documents\GitHub\303_Final_Project\303_Final\CMP105App\MainMenu.cpp(11,51): warning C4244: 'argument': conversion from 'T' to 'T', possible loss of data
          with
          [
              T=unsigned int
          ]
          and
          [
              T=float
          ]
D:\Users\User\Documents\GitHub\303_Final_Project\303_Final\CMP105App\MainMenu.cpp(19,95): warning C4244: 'argument': conversion from 'T' to 'T', possible loss of data
          with
          [
              T=unsigned int
          ]
          and
          [
              T=float
          ]
D:\Users\User\Documents\GitHub\303_Final_Project\303_Final\CMP105App\MainMenu.cpp(19,70): warning C4244: 'argument': conversion from 'T' to 'T', possible loss of data
          with
          [
              T=unsigned int
          ]
          and
          [
              T=float
          ]
D:\Users\User\Documents\GitHub\303_Final_Project\303_Final\CMP105App\MainMenu.cpp(20,95): warning C4244: 'argument': conversion from 'T' to 'T', possible loss of data
          with
          [
              T=unsigned int
          ]
          and
          [
              T=float
          ]
D:\Users\User\Documents\GitHub\303_Final_Project\303_Final\CMP105App\MainMenu.cpp(20,70): warning C4244: 'argument': conversion from 'T' to 'T', possible loss of data
          with
          [
              T=unsigned int
          ]
          and
          [
              T=float
          ]
D:\Users\User\Documents\GitHub\303_Final_Project\303_Final\CMP105App\MainMenu.cpp(21,73): warning C4244: 'argument': conversion from 'T' to 'float', possible loss of data
          with
          [
              T=unsigned int
          ]
D:\Users\User\Documents\GitHub\303_Final_Project\303_Final\CMP105App\MainMenu.cpp(21,48): warning C4244: 'argument': conversion from 'T' to 'float', possible loss of data
          with
          [
              T=unsigned int
          ]
D:\Users\User\Documents\GitHub\303_Final_Project\303_Final\CMP105App\MainMenu.cpp(33,125): warning C4244: 'argument': conversion from 'T' to 'float', possible loss of data
          with
          [
              T=unsigned int
          ]
D:\Users\User\Documents\GitHub\303_Final_Project\303_Final\CMP105App\MainMenu.cpp(39,129): warning C4244: 'argument': conversion from 'T' to 'float', possible loss of data
          with
          [
              T=unsigned int
          ]
D:\Users\User\Documents\GitHub\303_Final_Project\303_Final\CMP105App\MainMenu.cpp(44,114): warning C4244: 'argument': conversion from 'T' to 'float', possible loss of data
          with
          [
              T=unsigned int
          ]
D:\Users\User\Documents\GitHub\303_Final_Project\303_Final\CMP105App\MainMenu.cpp(47,77): warning C4244: 'argument': conversion from 'T' to 'T', possible loss of data
          with
          [
              T=unsigned int
          ]
          and
          [
              T=float
          ]
D:\Users\User\Documents\GitHub\303_Final_Project\303_Final\CMP105App\MainMenu.cpp(47,52): warning C4244: 'argument': conversion from 'T' to 'T', possible loss of data
          with
          [
              T=unsigned int
          ]
          and
          [
              T=float
          ]
D:\Users\User\Documents\GitHub\303_Final_Project\303_Final\CMP105App\MainMenu.cpp(48,84): warning C4244: 'argument': conversion from 'T' to 'T', possible loss of data
          with
          [
              T=unsigned int
          ]
          and
          [
              T=float
          ]
D:\Users\User\Documents\GitHub\303_Final_Project\303_Final\CMP105App\MainMenu.cpp(48,55): warning C4244: 'argument': conversion from 'T' to 'T', possible loss of data
          with
          [
              T=unsigned int
          ]
          and
          [
              T=float
          ]
D:\Users\User\Documents\GitHub\303_Final_Project\303_Final\CMP105App\MainMenu.cpp(49,89): warning C4244: 'argument': conversion from 'T' to 'T', possible loss of data
          with
          [
              T=unsigned int
          ]
          and
          [
              T=float
          ]
D:\Users\User\Documents\GitHub\303_Final_Project\303_Final\CMP105App\MainMenu.cpp(49,64): warning C4244: 'argument': conversion from 'T' to 'T', possible loss of data
          with
          [
              T=unsigned int
          ]
          and
          [
              T=float
          ]
  P2P_Network.cpp
D:\Users\User\Documents\GitHub\303_Final_Project\303_Final\CMP105App\P2P_Network.h(41,21): warning C4267: 'return': conversion from 'size_t' to 'int', possible loss of data
  PacketBase.cpp
  Player.cpp
D:\Users\User\Documents\GitHub\303_Final_Project\303_Final\CMP105App\Player.cpp(23,12): warning C4244: 'argument': conversion from 'time_t' to 'unsigned int', possible loss of data
D:\Users\User\Documents\GitHub\303_Final_Project\303_Final\CMP105App\Player.cpp(60,20): warning C4244: 'initializing': conversion from 'double' to 'float', possible loss of data
D:\Users\User\Documents\GitHub\303_Final_Project\303_Final\CMP105App\Player.cpp(73,115): warning C4244: 'argument': conversion from 'int' to 'T', possible loss of data
          with
          [
              T=float
          ]
D:\Users\User\Documents\GitHub\303_Final_Project\303_Final\CMP105App\Player.cpp(73,64): warning C4244: 'argument': conversion from 'int' to 'T', possible loss of data
          with
          [
              T=float
          ]
  Screens_Base.cpp
  UI_tools.cpp
D:\Users\User\Documents\GitHub\303_Final_Project\303_Final\CMP105App\UI_tools.h(89,49): warning C4244: 'argument': conversion from 'double' to 'float', possible loss of data
  Generating code
  Previous IPDB not found, fall back to full compilation.
  All 963 functions were compiled because no usable IPDB/IOBJ from previous compilation was found.
  Finished generating code
  CMP105App.vcxproj -> D:\Users\User\Documents\GitHub\303_Final_Project\303_Final\x64\Release\CMP105App.exe
